2021-11-26 21:55:53 INFO  Library:113 - new user with first name = Sin, last name = Bar registered
2021-11-26 21:55:53 INFO  Library:150 - book with title = How to Lead: Wisdom from the World's Greatest CEOs, Founders, and Game Changers is coming soon
2021-11-26 21:55:53 INFO  Library:145 - book with title = Matan-Satan is sent to restoration
2021-11-26 21:55:53 INFO  Library:132 - user with first name = Sin, last name = Bar took a book  with title = Fire faculty
2021-11-26 21:55:53 INFO  Library:132 - user with first name = Sin, last name = Bar took a book  with title = Curse academy
2021-11-26 21:55:53 INFO  Library:137 - user with first name = Sin, last name = Bar returned a book  with title = Fire faculty
2021-11-26 21:58:42 INFO  Library:113 - new user with first name = Sin, last name = Bar registered
2021-11-26 21:58:42 INFO  Library:150 - book with title = How to Lead: Wisdom from the World's Greatest CEOs, Founders, and Game Changers is coming soon
2021-11-26 21:58:42 INFO  Library:145 - book with title = Matan-Satan is sent to restoration
2021-11-26 21:58:42 INFO  Library:132 - user with first name = Sin, last name = Bar took a book  with title = Fire faculty
2021-11-26 21:58:42 INFO  Library:132 - user with first name = Sin, last name = Bar took a book  with title = Curse academy
2021-11-26 21:58:42 INFO  Library:137 - user with first name = Sin, last name = Bar returned a book  with title = Fire faculty
2021-11-26 22:00:04 INFO  Library:113 - new user with first name = Sin, last name = Bar registered
2021-11-26 22:00:04 INFO  Library:150 - book with title = How to Lead: Wisdom from the World's Greatest CEOs, Founders, and Game Changers is coming soon
2021-11-26 22:00:04 INFO  Library:145 - book with title = Matan-Satan is sent to restoration
2021-11-26 22:00:04 INFO  Library:132 - user with first name = Sin, last name = Bar took a book  with title = Fire faculty
2021-11-26 22:00:04 INFO  Library:132 - user with first name = Sin, last name = Bar took a book  with title = Curse academy
2021-11-26 22:00:04 INFO  Library:137 - user with first name = Sin, last name = Bar returned a book  with title = Fire faculty
2021-11-26 22:02:38 INFO  Library:113 - new user with first name = Sin, last name = Bar registered
2021-11-26 22:02:38 INFO  Library:150 - book with title = How to Lead: Wisdom from the World's Greatest CEOs, Founders, and Game Changers is coming soon
2021-11-26 22:02:38 INFO  Library:145 - book with title = Matan-Satan is sent to restoration
2021-11-26 22:02:38 INFO  Library:132 - user with first name = Sin, last name = Bar took a book  with title = Fire faculty
2021-11-26 22:02:38 INFO  Library:132 - user with first name = Sin, last name = Bar took a book  with title = Curse academy
2021-11-26 22:02:38 INFO  Library:137 - user with first name = Sin, last name = Bar returned a book  with title = Fire faculty
2021-11-26 22:03:13 INFO  Library:113 - new user with first name = Sin, last name = Bar registered
2021-11-26 22:03:13 INFO  Library:150 - book with title = How to Lead: Wisdom from the World's Greatest CEOs, Founders, and Game Changers is coming soon
2021-11-26 22:03:13 INFO  Library:145 - book with title = Matan-Satan is sent to restoration
2021-11-26 22:03:13 INFO  Library:132 - user with first name = Sin, last name = Bar took a book  with title = Fire faculty
2021-11-26 22:03:13 INFO  Library:132 - user with first name = Sin, last name = Bar took a book  with title = Curse academy
2021-11-26 22:03:13 INFO  Library:137 - user with first name = Sin, last name = Bar returned a book  with title = Fire faculty
2021-11-26 22:03:45 INFO  Library:113 - new user with first name = Sin, last name = Bar registered
2021-11-26 22:03:45 INFO  Library:150 - book with title = How to Lead: Wisdom from the World's Greatest CEOs, Founders, and Game Changers is coming soon
2021-11-26 22:03:45 INFO  Library:145 - book with title = Matan-Satan is sent to restoration
2021-11-26 22:03:45 INFO  Library:132 - user with first name = Sin, last name = Bar took a book  with title = Fire faculty
2021-11-26 22:03:45 INFO  Library:132 - user with first name = Sin, last name = Bar took a book  with title = Curse academy
2021-11-26 22:03:45 INFO  Library:137 - user with first name = Sin, last name = Bar returned a book  with title = Fire faculty
2021-11-26 22:10:19 INFO  kotlin-course:114 - new user with first name = Sin, last name = Bar registered
2021-11-26 22:10:19 INFO  kotlin-course:157 - book with title = How to Lead: Wisdom from the World's Greatest CEOs, Founders, and Game Changers is coming soon
2021-11-26 22:10:19 INFO  kotlin-course:152 - book with title = Matan-Satan is sent to restoration
2021-11-26 22:10:19 INFO  kotlin-course:135 - user with first name = Sin, last name = Bar took a book  with title = Fire faculty
2021-11-26 22:10:19 INFO  kotlin-course:135 - user with first name = Sin, last name = Bar took a book  with title = Curse academy
2021-11-26 22:10:19 INFO  kotlin-course:142 - user with first name = Sin, last name = Bar returned a book  with title = Fire faculty
